  [1m[36m (2.4ms)[0m  [1mCREATE TABLE "schema_migrations" ("version" varchar(255) NOT NULL) [0m
  [1m[35m (2.7ms)[0m  CREATE UNIQUE INDEX "unique_schema_migrations" ON "schema_migrations" ("version")
  [1m[36mActiveRecord::SchemaMigration Load (0.1ms)[0m  [1mSELECT "schema_migrations".* FROM "schema_migrations"[0m
Migrating to CreateBlorghPosts (20140603022951)
  [1m[35m (0.1ms)[0m  begin transaction
  [1m[36m (0.4ms)[0m  [1mCREATE TABLE "blorgh_posts" ("id" INTEGER PRIMARY KEY AUTOINCREMENT NOT NULL, "title" varchar(255), "text" text, "created_at" datetime, "updated_at" datetime) [0m
  [1m[35mSQL (0.2ms)[0m  INSERT INTO "schema_migrations" ("version") VALUES (?)  [["version", "20140603022951"]]
  [1m[36m (4.7ms)[0m  [1mcommit transaction[0m
  [1m[35mActiveRecord::SchemaMigration Load (0.1ms)[0m  SELECT "schema_migrations".* FROM "schema_migrations"


Started GET "/blorgh/posts" for 127.0.0.1 at 2014-06-02 21:36:58 -0500
Processing by Blorgh::PostsController#index as HTML
  [1m[36mBlorgh::Post Load (0.9ms)[0m  [1mSELECT "blorgh_posts".* FROM "blorgh_posts"[0m
  Rendered /Users/aimeeknight/Desktop/Projects/blorgh/app/views/blorgh/posts/index.html.erb within layouts/blorgh/application (3.8ms)
Completed 200 OK in 54ms (Views: 51.9ms | ActiveRecord: 0.9ms)


Started GET "/assets/blorgh/application.css?body=1" for 127.0.0.1 at 2014-06-02 21:36:59 -0500


Started GET "/assets/blorgh/posts.css?body=1" for 127.0.0.1 at 2014-06-02 21:36:59 -0500


Started GET "/assets/scaffold.css?body=1" for 127.0.0.1 at 2014-06-02 21:36:59 -0500


Started GET "/assets/blorgh/posts.js?body=1" for 127.0.0.1 at 2014-06-02 21:36:59 -0500


Started GET "/assets/blorgh/application.js?body=1" for 127.0.0.1 at 2014-06-02 21:36:59 -0500


Started GET "/blorgh/posts" for 127.0.0.1 at 2014-06-02 21:38:21 -0500
Processing by Blorgh::PostsController#index as HTML
  [1m[35mBlorgh::Post Load (0.3ms)[0m  SELECT "blorgh_posts".* FROM "blorgh_posts"
  Rendered /Users/aimeeknight/Desktop/Projects/blorgh/app/views/blorgh/posts/index.html.erb within layouts/blorgh/application (1.1ms)
Completed 200 OK in 7ms (Views: 5.2ms | ActiveRecord: 0.3ms)


Started GET "/assets/scaffold.css?body=1" for 127.0.0.1 at 2014-06-02 21:38:21 -0500


Started GET "/assets/blorgh/posts.css?body=1" for 127.0.0.1 at 2014-06-02 21:38:21 -0500


Started GET "/assets/blorgh/application.css?body=1" for 127.0.0.1 at 2014-06-02 21:38:21 -0500


Started GET "/assets/blorgh/application.js?body=1" for 127.0.0.1 at 2014-06-02 21:38:21 -0500


Started GET "/assets/blorgh/posts.js?body=1" for 127.0.0.1 at 2014-06-02 21:38:21 -0500


Started GET "/blorgh/" for 127.0.0.1 at 2014-06-02 21:38:27 -0500
Processing by Blorgh::PostsController#index as HTML
  [1m[36mBlorgh::Post Load (0.1ms)[0m  [1mSELECT "blorgh_posts".* FROM "blorgh_posts"[0m
  Rendered /Users/aimeeknight/Desktop/Projects/blorgh/app/views/blorgh/posts/index.html.erb within layouts/blorgh/application (0.9ms)
Completed 200 OK in 6ms (Views: 5.8ms | ActiveRecord: 0.1ms)


Started GET "/assets/blorgh/posts.css?body=1" for 127.0.0.1 at 2014-06-02 21:38:27 -0500


Started GET "/assets/scaffold.css?body=1" for 127.0.0.1 at 2014-06-02 21:38:27 -0500


Started GET "/assets/blorgh/application.css?body=1" for 127.0.0.1 at 2014-06-02 21:38:27 -0500


Started GET "/assets/blorgh/application.js?body=1" for 127.0.0.1 at 2014-06-02 21:38:27 -0500


Started GET "/assets/blorgh/posts.js?body=1" for 127.0.0.1 at 2014-06-02 21:38:27 -0500


Started GET "/blorgh/posts/new" for 127.0.0.1 at 2014-06-02 21:38:29 -0500
Processing by Blorgh::PostsController#new as HTML
  Rendered /Users/aimeeknight/Desktop/Projects/blorgh/app/views/blorgh/posts/_form.html.erb (17.7ms)
  Rendered /Users/aimeeknight/Desktop/Projects/blorgh/app/views/blorgh/posts/new.html.erb within layouts/blorgh/application (21.3ms)
Completed 200 OK in 27ms (Views: 25.4ms | ActiveRecord: 0.4ms)


Started GET "/assets/blorgh/posts.css?body=1" for 127.0.0.1 at 2014-06-02 21:38:29 -0500


Started GET "/assets/blorgh/application.js?body=1" for 127.0.0.1 at 2014-06-02 21:38:29 -0500


Started GET "/assets/blorgh/posts.js?body=1" for 127.0.0.1 at 2014-06-02 21:38:29 -0500


Started GET "/assets/blorgh/application.css?body=1" for 127.0.0.1 at 2014-06-02 21:38:29 -0500


Started GET "/assets/scaffold.css?body=1" for 127.0.0.1 at 2014-06-02 21:38:29 -0500


Started POST "/blorgh/posts" for 127.0.0.1 at 2014-06-02 21:38:45 -0500
Processing by Blorgh::PostsController#create as HTML
  Parameters: {"utf8"=>"✓", "authenticity_token"=>"R5kcnmFrbXbGnS2ZWIwWe/x7AccqstmVD43O614I8ag=", "post"=>{"title"=>"Test Engine Post", "text"=>"Testing out a Rails Engine"}, "commit"=>"Create Post"}
  [1m[35m (0.1ms)[0m  begin transaction
  [1m[36mSQL (36.5ms)[0m  [1mINSERT INTO "blorgh_posts" ("created_at", "text", "title", "updated_at") VALUES (?, ?, ?, ?)[0m  [["created_at", Tue, 03 Jun 2014 02:38:45 UTC +00:00], ["text", "Testing out a Rails Engine"], ["title", "Test Engine Post"], ["updated_at", Tue, 03 Jun 2014 02:38:45 UTC +00:00]]
  [1m[35m (2.4ms)[0m  commit transaction
Redirected to http://localhost:3000/blorgh/posts/1
Completed 302 Found in 44ms (ActiveRecord: 39.1ms)


Started GET "/blorgh/posts/1" for 127.0.0.1 at 2014-06-02 21:38:45 -0500
Processing by Blorgh::PostsController#show as HTML
  Parameters: {"id"=>"1"}
  [1m[36mBlorgh::Post Load (0.2ms)[0m  [1mSELECT "blorgh_posts".* FROM "blorgh_posts" WHERE "blorgh_posts"."id" = ? LIMIT 1[0m  [["id", "1"]]
  Rendered /Users/aimeeknight/Desktop/Projects/blorgh/app/views/blorgh/posts/show.html.erb within layouts/blorgh/application (1.2ms)
Completed 200 OK in 7ms (Views: 5.1ms | ActiveRecord: 0.2ms)


Started GET "/assets/blorgh/application.css?body=1" for 127.0.0.1 at 2014-06-02 21:38:45 -0500


Started GET "/assets/blorgh/application.js?body=1" for 127.0.0.1 at 2014-06-02 21:38:45 -0500


Started GET "/assets/blorgh/posts.js?body=1" for 127.0.0.1 at 2014-06-02 21:38:45 -0500


Started GET "/assets/blorgh/posts.css?body=1" for 127.0.0.1 at 2014-06-02 21:38:45 -0500


Started GET "/assets/scaffold.css?body=1" for 127.0.0.1 at 2014-06-02 21:38:45 -0500


Started GET "/blorgh/" for 127.0.0.1 at 2014-06-02 21:38:50 -0500
Processing by Blorgh::PostsController#index as HTML
  [1m[35mBlorgh::Post Load (0.1ms)[0m  SELECT "blorgh_posts".* FROM "blorgh_posts"
  Rendered /Users/aimeeknight/Desktop/Projects/blorgh/app/views/blorgh/posts/index.html.erb within layouts/blorgh/application (1.9ms)
Completed 200 OK in 7ms (Views: 6.2ms | ActiveRecord: 0.1ms)


Started GET "/assets/blorgh/application.css?body=1" for 127.0.0.1 at 2014-06-02 21:38:50 -0500


Started GET "/assets/blorgh/application.js?body=1" for 127.0.0.1 at 2014-06-02 21:38:50 -0500


Started GET "/assets/scaffold.css?body=1" for 127.0.0.1 at 2014-06-02 21:38:50 -0500


Started GET "/assets/blorgh/posts.js?body=1" for 127.0.0.1 at 2014-06-02 21:38:50 -0500


Started GET "/assets/blorgh/posts.css?body=1" for 127.0.0.1 at 2014-06-02 21:38:50 -0500
  [1m[36mActiveRecord::SchemaMigration Load (0.1ms)[0m  [1mSELECT "schema_migrations".* FROM "schema_migrations"[0m
Migrating to CreateBlorghComments (20140603031024)
  [1m[35m (0.1ms)[0m  begin transaction
  [1m[36m (0.6ms)[0m  [1mCREATE TABLE "blorgh_comments" ("id" INTEGER PRIMARY KEY AUTOINCREMENT NOT NULL, "post_id" integer, "text" text, "created_at" datetime, "updated_at" datetime) [0m
  [1m[35mSQL (0.3ms)[0m  INSERT INTO "schema_migrations" ("version") VALUES (?)  [["version", "20140603031024"]]
  [1m[36m (57.4ms)[0m  [1mcommit transaction[0m
  [1m[35mActiveRecord::SchemaMigration Load (0.1ms)[0m  SELECT "schema_migrations".* FROM "schema_migrations"


Started GET "/" for 127.0.0.1 at 2014-06-03 12:30:55 -0500
Processing by Rails::WelcomeController#index as HTML
  Rendered /Users/aimeeknight/.rvm/gems/ruby-2.1.1@engine/gems/railties-4.1.1/lib/rails/templates/rails/welcome/index.html.erb (1.5ms)
Completed 200 OK in 8ms (Views: 7.5ms | ActiveRecord: 0.0ms)


Started GET "/blorgh/" for 127.0.0.1 at 2014-06-03 12:30:59 -0500
Processing by Blorgh::PostsController#index as HTML
  [1m[36mBlorgh::Post Load (2.9ms)[0m  [1mSELECT "blorgh_posts".* FROM "blorgh_posts"[0m
  Rendered /Users/aimeeknight/Desktop/Projects/blorgh/app/views/blorgh/posts/index.html.erb within layouts/blorgh/application (14.3ms)
Completed 200 OK in 165ms (Views: 125.1ms | ActiveRecord: 3.3ms)


Started GET "/assets/blorgh/application.css?body=1" for 127.0.0.1 at 2014-06-03 12:31:00 -0500


Started GET "/assets/blorgh/comments.css?body=1" for 127.0.0.1 at 2014-06-03 12:31:00 -0500


Started GET "/assets/scaffold.css?body=1" for 127.0.0.1 at 2014-06-03 12:31:00 -0500


Started GET "/assets/blorgh/comments.js?body=1" for 127.0.0.1 at 2014-06-03 12:31:00 -0500


Started GET "/assets/blorgh/posts.js?body=1" for 127.0.0.1 at 2014-06-03 12:31:00 -0500


Started GET "/assets/blorgh/posts.css?body=1" for 127.0.0.1 at 2014-06-03 12:31:00 -0500


Started GET "/assets/blorgh/application.js?body=1" for 127.0.0.1 at 2014-06-03 12:31:00 -0500


Started GET "/blog/posts/1" for 127.0.0.1 at 2014-06-03 12:39:13 -0500

ActionController::RoutingError (No route matches [GET] "/blog/posts/1"):
  actionpack (4.1.1) lib/action_dispatch/middleware/debug_exceptions.rb:21:in `call'
  actionpack (4.1.1) lib/action_dispatch/middleware/show_exceptions.rb:30:in `call'
  railties (4.1.1) lib/rails/rack/logger.rb:38:in `call_app'
  railties (4.1.1) lib/rails/rack/logger.rb:20:in `block in call'
  activesupport (4.1.1) lib/active_support/tagged_logging.rb:68:in `block in tagged'
  activesupport (4.1.1) lib/active_support/tagged_logging.rb:26:in `tagged'
  activesupport (4.1.1) lib/active_support/tagged_logging.rb:68:in `tagged'
  railties (4.1.1) lib/rails/rack/logger.rb:20:in `call'
  actionpack (4.1.1) lib/action_dispatch/middleware/request_id.rb:21:in `call'
  rack (1.5.2) lib/rack/methodoverride.rb:21:in `call'
  rack (1.5.2) lib/rack/runtime.rb:17:in `call'
  activesupport (4.1.1) lib/active_support/cache/strategy/local_cache_middleware.rb:26:in `call'
  rack (1.5.2) lib/rack/lock.rb:17:in `call'
  actionpack (4.1.1) lib/action_dispatch/middleware/static.rb:64:in `call'
  rack (1.5.2) lib/rack/sendfile.rb:112:in `call'
  railties (4.1.1) lib/rails/engine.rb:514:in `call'
  railties (4.1.1) lib/rails/application.rb:144:in `call'
  rack (1.5.2) lib/rack/lock.rb:17:in `call'
  rack (1.5.2) lib/rack/content_length.rb:14:in `call'
  rack (1.5.2) lib/rack/handler/webrick.rb:60:in `service'
  /Users/aimeeknight/.rvm/rubies/ruby-2.1.1/lib/ruby/2.1.0/webrick/httpserver.rb:138:in `service'
  /Users/aimeeknight/.rvm/rubies/ruby-2.1.1/lib/ruby/2.1.0/webrick/httpserver.rb:94:in `run'
  /Users/aimeeknight/.rvm/rubies/ruby-2.1.1/lib/ruby/2.1.0/webrick/server.rb:295:in `block in start_thread'


  Rendered /Users/aimeeknight/.rvm/gems/ruby-2.1.1@engine/gems/actionpack-4.1.1/lib/action_dispatch/middleware/templates/rescues/_trace.html.erb (1.2ms)
  Rendered /Users/aimeeknight/.rvm/gems/ruby-2.1.1@engine/gems/actionpack-4.1.1/lib/action_dispatch/middleware/templates/routes/_route.html.erb (1.2ms)
  Rendered /Users/aimeeknight/.rvm/gems/ruby-2.1.1@engine/gems/actionpack-4.1.1/lib/action_dispatch/middleware/templates/routes/_route.html.erb (1.6ms)
  Rendered /Users/aimeeknight/.rvm/gems/ruby-2.1.1@engine/gems/actionpack-4.1.1/lib/action_dispatch/middleware/templates/routes/_table.html.erb (5.7ms)
  Rendered /Users/aimeeknight/.rvm/gems/ruby-2.1.1@engine/gems/actionpack-4.1.1/lib/action_dispatch/middleware/templates/rescues/routing_error.html.erb within rescues/layout (38.2ms)


Started GET "/blog/" for 127.0.0.1 at 2014-06-03 12:39:17 -0500

ActionController::RoutingError (No route matches [GET] "/blog"):
  actionpack (4.1.1) lib/action_dispatch/middleware/debug_exceptions.rb:21:in `call'
  actionpack (4.1.1) lib/action_dispatch/middleware/show_exceptions.rb:30:in `call'
  railties (4.1.1) lib/rails/rack/logger.rb:38:in `call_app'
  railties (4.1.1) lib/rails/rack/logger.rb:20:in `block in call'
  activesupport (4.1.1) lib/active_support/tagged_logging.rb:68:in `block in tagged'
  activesupport (4.1.1) lib/active_support/tagged_logging.rb:26:in `tagged'
  activesupport (4.1.1) lib/active_support/tagged_logging.rb:68:in `tagged'
  railties (4.1.1) lib/rails/rack/logger.rb:20:in `call'
  actionpack (4.1.1) lib/action_dispatch/middleware/request_id.rb:21:in `call'
  rack (1.5.2) lib/rack/methodoverride.rb:21:in `call'
  rack (1.5.2) lib/rack/runtime.rb:17:in `call'
  activesupport (4.1.1) lib/active_support/cache/strategy/local_cache_middleware.rb:26:in `call'
  rack (1.5.2) lib/rack/lock.rb:17:in `call'
  actionpack (4.1.1) lib/action_dispatch/middleware/static.rb:64:in `call'
  rack (1.5.2) lib/rack/sendfile.rb:112:in `call'
  railties (4.1.1) lib/rails/engine.rb:514:in `call'
  railties (4.1.1) lib/rails/application.rb:144:in `call'
  rack (1.5.2) lib/rack/lock.rb:17:in `call'
  rack (1.5.2) lib/rack/content_length.rb:14:in `call'
  rack (1.5.2) lib/rack/handler/webrick.rb:60:in `service'
  /Users/aimeeknight/.rvm/rubies/ruby-2.1.1/lib/ruby/2.1.0/webrick/httpserver.rb:138:in `service'
  /Users/aimeeknight/.rvm/rubies/ruby-2.1.1/lib/ruby/2.1.0/webrick/httpserver.rb:94:in `run'
  /Users/aimeeknight/.rvm/rubies/ruby-2.1.1/lib/ruby/2.1.0/webrick/server.rb:295:in `block in start_thread'


  Rendered /Users/aimeeknight/.rvm/gems/ruby-2.1.1@engine/gems/actionpack-4.1.1/lib/action_dispatch/middleware/templates/rescues/_trace.html.erb (1.2ms)
  Rendered /Users/aimeeknight/.rvm/gems/ruby-2.1.1@engine/gems/actionpack-4.1.1/lib/action_dispatch/middleware/templates/routes/_route.html.erb (0.7ms)
  Rendered /Users/aimeeknight/.rvm/gems/ruby-2.1.1@engine/gems/actionpack-4.1.1/lib/action_dispatch/middleware/templates/routes/_route.html.erb (1.3ms)
  Rendered /Users/aimeeknight/.rvm/gems/ruby-2.1.1@engine/gems/actionpack-4.1.1/lib/action_dispatch/middleware/templates/routes/_table.html.erb (1.0ms)
  Rendered /Users/aimeeknight/.rvm/gems/ruby-2.1.1@engine/gems/actionpack-4.1.1/lib/action_dispatch/middleware/templates/rescues/routing_error.html.erb within rescues/layout (24.7ms)


Started GET "/blog/" for 127.0.0.1 at 2014-06-03 12:39:26 -0500

ActionController::RoutingError (No route matches [GET] "/blog"):
  actionpack (4.1.1) lib/action_dispatch/middleware/debug_exceptions.rb:21:in `call'
  actionpack (4.1.1) lib/action_dispatch/middleware/show_exceptions.rb:30:in `call'
  railties (4.1.1) lib/rails/rack/logger.rb:38:in `call_app'
  railties (4.1.1) lib/rails/rack/logger.rb:20:in `block in call'
  activesupport (4.1.1) lib/active_support/tagged_logging.rb:68:in `block in tagged'
  activesupport (4.1.1) lib/active_support/tagged_logging.rb:26:in `tagged'
  activesupport (4.1.1) lib/active_support/tagged_logging.rb:68:in `tagged'
  railties (4.1.1) lib/rails/rack/logger.rb:20:in `call'
  actionpack (4.1.1) lib/action_dispatch/middleware/request_id.rb:21:in `call'
  rack (1.5.2) lib/rack/methodoverride.rb:21:in `call'
  rack (1.5.2) lib/rack/runtime.rb:17:in `call'
  activesupport (4.1.1) lib/active_support/cache/strategy/local_cache_middleware.rb:26:in `call'
  rack (1.5.2) lib/rack/lock.rb:17:in `call'
  actionpack (4.1.1) lib/action_dispatch/middleware/static.rb:64:in `call'
  rack (1.5.2) lib/rack/sendfile.rb:112:in `call'
  railties (4.1.1) lib/rails/engine.rb:514:in `call'
  railties (4.1.1) lib/rails/application.rb:144:in `call'
  rack (1.5.2) lib/rack/lock.rb:17:in `call'
  rack (1.5.2) lib/rack/content_length.rb:14:in `call'
  rack (1.5.2) lib/rack/handler/webrick.rb:60:in `service'
  /Users/aimeeknight/.rvm/rubies/ruby-2.1.1/lib/ruby/2.1.0/webrick/httpserver.rb:138:in `service'
  /Users/aimeeknight/.rvm/rubies/ruby-2.1.1/lib/ruby/2.1.0/webrick/httpserver.rb:94:in `run'
  /Users/aimeeknight/.rvm/rubies/ruby-2.1.1/lib/ruby/2.1.0/webrick/server.rb:295:in `block in start_thread'


  Rendered /Users/aimeeknight/.rvm/gems/ruby-2.1.1@engine/gems/actionpack-4.1.1/lib/action_dispatch/middleware/templates/rescues/_trace.html.erb (1.1ms)
  Rendered /Users/aimeeknight/.rvm/gems/ruby-2.1.1@engine/gems/actionpack-4.1.1/lib/action_dispatch/middleware/templates/routes/_route.html.erb (0.7ms)
  Rendered /Users/aimeeknight/.rvm/gems/ruby-2.1.1@engine/gems/actionpack-4.1.1/lib/action_dispatch/middleware/templates/routes/_route.html.erb (1.3ms)
  Rendered /Users/aimeeknight/.rvm/gems/ruby-2.1.1@engine/gems/actionpack-4.1.1/lib/action_dispatch/middleware/templates/routes/_table.html.erb (1.0ms)
  Rendered /Users/aimeeknight/.rvm/gems/ruby-2.1.1@engine/gems/actionpack-4.1.1/lib/action_dispatch/middleware/templates/rescues/routing_error.html.erb within rescues/layout (22.9ms)


Started GET "/blog" for 127.0.0.1 at 2014-06-03 12:39:29 -0500

ActionController::RoutingError (No route matches [GET] "/blog"):
  actionpack (4.1.1) lib/action_dispatch/middleware/debug_exceptions.rb:21:in `call'
  actionpack (4.1.1) lib/action_dispatch/middleware/show_exceptions.rb:30:in `call'
  railties (4.1.1) lib/rails/rack/logger.rb:38:in `call_app'
  railties (4.1.1) lib/rails/rack/logger.rb:20:in `block in call'
  activesupport (4.1.1) lib/active_support/tagged_logging.rb:68:in `block in tagged'
  activesupport (4.1.1) lib/active_support/tagged_logging.rb:26:in `tagged'
  activesupport (4.1.1) lib/active_support/tagged_logging.rb:68:in `tagged'
  railties (4.1.1) lib/rails/rack/logger.rb:20:in `call'
  actionpack (4.1.1) lib/action_dispatch/middleware/request_id.rb:21:in `call'
  rack (1.5.2) lib/rack/methodoverride.rb:21:in `call'
  rack (1.5.2) lib/rack/runtime.rb:17:in `call'
  activesupport (4.1.1) lib/active_support/cache/strategy/local_cache_middleware.rb:26:in `call'
  rack (1.5.2) lib/rack/lock.rb:17:in `call'
  actionpack (4.1.1) lib/action_dispatch/middleware/static.rb:64:in `call'
  rack (1.5.2) lib/rack/sendfile.rb:112:in `call'
  railties (4.1.1) lib/rails/engine.rb:514:in `call'
  railties (4.1.1) lib/rails/application.rb:144:in `call'
  rack (1.5.2) lib/rack/lock.rb:17:in `call'
  rack (1.5.2) lib/rack/content_length.rb:14:in `call'
  rack (1.5.2) lib/rack/handler/webrick.rb:60:in `service'
  /Users/aimeeknight/.rvm/rubies/ruby-2.1.1/lib/ruby/2.1.0/webrick/httpserver.rb:138:in `service'
  /Users/aimeeknight/.rvm/rubies/ruby-2.1.1/lib/ruby/2.1.0/webrick/httpserver.rb:94:in `run'
  /Users/aimeeknight/.rvm/rubies/ruby-2.1.1/lib/ruby/2.1.0/webrick/server.rb:295:in `block in start_thread'


  Rendered /Users/aimeeknight/.rvm/gems/ruby-2.1.1@engine/gems/actionpack-4.1.1/lib/action_dispatch/middleware/templates/rescues/_trace.html.erb (2.0ms)
  Rendered /Users/aimeeknight/.rvm/gems/ruby-2.1.1@engine/gems/actionpack-4.1.1/lib/action_dispatch/middleware/templates/routes/_route.html.erb (1.2ms)
  Rendered /Users/aimeeknight/.rvm/gems/ruby-2.1.1@engine/gems/actionpack-4.1.1/lib/action_dispatch/middleware/templates/routes/_route.html.erb (1.6ms)
  Rendered /Users/aimeeknight/.rvm/gems/ruby-2.1.1@engine/gems/actionpack-4.1.1/lib/action_dispatch/middleware/templates/routes/_table.html.erb (1.1ms)
  Rendered /Users/aimeeknight/.rvm/gems/ruby-2.1.1@engine/gems/actionpack-4.1.1/lib/action_dispatch/middleware/templates/rescues/routing_error.html.erb within rescues/layout (30.8ms)


Started GET "/" for 127.0.0.1 at 2014-06-03 17:58:42 -0500
Processing by Rails::WelcomeController#index as HTML
  Rendered /Users/aimeeknight/.rvm/gems/ruby-2.1.1@engine/gems/railties-4.1.1/lib/rails/templates/rails/welcome/index.html.erb (3.4ms)
Completed 200 OK in 34ms (Views: 33.2ms | ActiveRecord: 0.0ms)


Started GET "/blorgh/" for 127.0.0.1 at 2014-06-03 17:58:47 -0500
Processing by Blorgh::PostsController#index as HTML
Completed 500 Internal Server Error in 307ms

NoMethodError (undefined method `constantize' for nil:NilClass):
  /Users/aimeeknight/Desktop/Projects/blorgh/lib/blorgh.rb:7:in `author_class'
  /Users/aimeeknight/Desktop/Projects/blorgh/app/models/blorgh/post.rb:6:in `<class:Post>'
  /Users/aimeeknight/Desktop/Projects/blorgh/app/models/blorgh/post.rb:2:in `<module:Blorgh>'
  /Users/aimeeknight/Desktop/Projects/blorgh/app/models/blorgh/post.rb:1:in `<top (required)>'
  activesupport (4.1.1) lib/active_support/dependencies.rb:443:in `load'
  activesupport (4.1.1) lib/active_support/dependencies.rb:443:in `block in load_file'
  activesupport (4.1.1) lib/active_support/dependencies.rb:633:in `new_constants_in'
  activesupport (4.1.1) lib/active_support/dependencies.rb:442:in `load_file'
  activesupport (4.1.1) lib/active_support/dependencies.rb:342:in `require_or_load'
  activesupport (4.1.1) lib/active_support/dependencies.rb:480:in `load_missing_constant'
  activesupport (4.1.1) lib/active_support/dependencies.rb:180:in `const_missing'
  activesupport (4.1.1) lib/active_support/dependencies.rb:512:in `load_missing_constant'
  activesupport (4.1.1) lib/active_support/dependencies.rb:180:in `const_missing'
  /Users/aimeeknight/Desktop/Projects/blorgh/app/controllers/blorgh/posts_controller.rb:9:in `index'
  actionpack (4.1.1) lib/action_controller/metal/implicit_render.rb:4:in `send_action'
  actionpack (4.1.1) lib/abstract_controller/base.rb:189:in `process_action'
  actionpack (4.1.1) lib/action_controller/metal/rendering.rb:10:in `process_action'
  actionpack (4.1.1) lib/abstract_controller/callbacks.rb:20:in `block in process_action'
  activesupport (4.1.1) lib/active_support/callbacks.rb:113:in `call'
  activesupport (4.1.1) lib/active_support/callbacks.rb:113:in `call'
  activesupport (4.1.1) lib/active_support/callbacks.rb:149:in `block in halting_and_conditional'
  activesupport (4.1.1) lib/active_support/callbacks.rb:86:in `call'
  activesupport (4.1.1) lib/active_support/callbacks.rb:86:in `run_callbacks'
  actionpack (4.1.1) lib/abstract_controller/callbacks.rb:19:in `process_action'
  actionpack (4.1.1) lib/action_controller/metal/rescue.rb:29:in `process_action'
  actionpack (4.1.1) lib/action_controller/metal/instrumentation.rb:31:in `block in process_action'
  activesupport (4.1.1) lib/active_support/notifications.rb:159:in `block in instrument'
  activesupport (4.1.1) lib/active_support/notifications/instrumenter.rb:20:in `instrument'
  activesupport (4.1.1) lib/active_support/notifications.rb:159:in `instrument'
  actionpack (4.1.1) lib/action_controller/metal/instrumentation.rb:30:in `process_action'
  actionpack (4.1.1) lib/action_controller/metal/params_wrapper.rb:250:in `process_action'
  activerecord (4.1.1) lib/active_record/railties/controller_runtime.rb:18:in `process_action'
  actionpack (4.1.1) lib/abstract_controller/base.rb:136:in `process'
  actionview (4.1.1) lib/action_view/rendering.rb:30:in `process'
  actionpack (4.1.1) lib/action_controller/metal.rb:195:in `dispatch'
  actionpack (4.1.1) lib/action_controller/metal/rack_delegation.rb:13:in `dispatch'
  actionpack (4.1.1) lib/action_controller/metal.rb:231:in `block in action'
  actionpack (4.1.1) lib/action_dispatch/routing/route_set.rb:80:in `call'
  actionpack (4.1.1) lib/action_dispatch/routing/route_set.rb:80:in `dispatch'
  actionpack (4.1.1) lib/action_dispatch/routing/route_set.rb:48:in `call'
  actionpack (4.1.1) lib/action_dispatch/journey/router.rb:71:in `block in call'
  actionpack (4.1.1) lib/action_dispatch/journey/router.rb:59:in `each'
  actionpack (4.1.1) lib/action_dispatch/journey/router.rb:59:in `call'
  actionpack (4.1.1) lib/action_dispatch/routing/route_set.rb:676:in `call'
  railties (4.1.1) lib/rails/engine.rb:514:in `call'
  railties (4.1.1) lib/rails/railtie.rb:194:in `public_send'
  railties (4.1.1) lib/rails/railtie.rb:194:in `method_missing'
  actionpack (4.1.1) lib/action_dispatch/journey/router.rb:71:in `block in call'
  actionpack (4.1.1) lib/action_dispatch/journey/router.rb:59:in `each'
  actionpack (4.1.1) lib/action_dispatch/journey/router.rb:59:in `call'
  actionpack (4.1.1) lib/action_dispatch/routing/route_set.rb:676:in `call'
  rack (1.5.2) lib/rack/etag.rb:23:in `call'
  rack (1.5.2) lib/rack/conditionalget.rb:25:in `call'
  rack (1.5.2) lib/rack/head.rb:11:in `call'
  actionpack (4.1.1) lib/action_dispatch/middleware/params_parser.rb:27:in `call'
  actionpack (4.1.1) lib/action_dispatch/middleware/flash.rb:254:in `call'
  rack (1.5.2) lib/rack/session/abstract/id.rb:225:in `context'
  rack (1.5.2) lib/rack/session/abstract/id.rb:220:in `call'
  actionpack (4.1.1) lib/action_dispatch/middleware/cookies.rb:560:in `call'
  activerecord (4.1.1) lib/active_record/query_cache.rb:36:in `call'
  activerecord (4.1.1) lib/active_record/connection_adapters/abstract/connection_pool.rb:621:in `call'
  activerecord (4.1.1) lib/active_record/migration.rb:380:in `call'
  actionpack (4.1.1) lib/action_dispatch/middleware/callbacks.rb:29:in `block in call'
  activesupport (4.1.1) lib/active_support/callbacks.rb:82:in `run_callbacks'
  actionpack (4.1.1) lib/action_dispatch/middleware/callbacks.rb:27:in `call'
  actionpack (4.1.1) lib/action_dispatch/middleware/reloader.rb:73:in `call'
  actionpack (4.1.1) lib/action_dispatch/middleware/remote_ip.rb:76:in `call'
  actionpack (4.1.1) lib/action_dispatch/middleware/debug_exceptions.rb:17:in `call'
  actionpack (4.1.1) lib/action_dispatch/middleware/show_exceptions.rb:30:in `call'
  railties (4.1.1) lib/rails/rack/logger.rb:38:in `call_app'
  railties (4.1.1) lib/rails/rack/logger.rb:20:in `block in call'
  activesupport (4.1.1) lib/active_support/tagged_logging.rb:68:in `block in tagged'
  activesupport (4.1.1) lib/active_support/tagged_logging.rb:26:in `tagged'
  activesupport (4.1.1) lib/active_support/tagged_logging.rb:68:in `tagged'
  railties (4.1.1) lib/rails/rack/logger.rb:20:in `call'
  actionpack (4.1.1) lib/action_dispatch/middleware/request_id.rb:21:in `call'
  rack (1.5.2) lib/rack/methodoverride.rb:21:in `call'
  rack (1.5.2) lib/rack/runtime.rb:17:in `call'
  activesupport (4.1.1) lib/active_support/cache/strategy/local_cache_middleware.rb:26:in `call'
  rack (1.5.2) lib/rack/lock.rb:17:in `call'
  actionpack (4.1.1) lib/action_dispatch/middleware/static.rb:64:in `call'
  rack (1.5.2) lib/rack/sendfile.rb:112:in `call'
  railties (4.1.1) lib/rails/engine.rb:514:in `call'
  railties (4.1.1) lib/rails/application.rb:144:in `call'
  rack (1.5.2) lib/rack/lock.rb:17:in `call'
  rack (1.5.2) lib/rack/content_length.rb:14:in `call'
  rack (1.5.2) lib/rack/handler/webrick.rb:60:in `service'
  /Users/aimeeknight/.rvm/rubies/ruby-2.1.1/lib/ruby/2.1.0/webrick/httpserver.rb:138:in `service'
  /Users/aimeeknight/.rvm/rubies/ruby-2.1.1/lib/ruby/2.1.0/webrick/httpserver.rb:94:in `run'
  /Users/aimeeknight/.rvm/rubies/ruby-2.1.1/lib/ruby/2.1.0/webrick/server.rb:295:in `block in start_thread'


  Rendered /Users/aimeeknight/.rvm/gems/ruby-2.1.1@engine/gems/actionpack-4.1.1/lib/action_dispatch/middleware/templates/rescues/_source.erb (0.8ms)
  Rendered /Users/aimeeknight/.rvm/gems/ruby-2.1.1@engine/gems/actionpack-4.1.1/lib/action_dispatch/middleware/templates/rescues/_trace.html.erb (2.2ms)
  Rendered /Users/aimeeknight/.rvm/gems/ruby-2.1.1@engine/gems/actionpack-4.1.1/lib/action_dispatch/middleware/templates/rescues/_request_and_response.html.erb (14.4ms)
  Rendered /Users/aimeeknight/.rvm/gems/ruby-2.1.1@engine/gems/actionpack-4.1.1/lib/action_dispatch/middleware/templates/rescues/diagnostics.erb within rescues/layout (38.1ms)


Started GET "/blorgh/posts" for 127.0.0.1 at 2014-06-03 17:59:01 -0500
Processing by Blorgh::PostsController#index as HTML
Completed 500 Internal Server Error in 3ms

NoMethodError (undefined method `constantize' for nil:NilClass):
  /Users/aimeeknight/Desktop/Projects/blorgh/lib/blorgh.rb:7:in `author_class'
  /Users/aimeeknight/Desktop/Projects/blorgh/app/models/blorgh/post.rb:6:in `<class:Post>'
  /Users/aimeeknight/Desktop/Projects/blorgh/app/models/blorgh/post.rb:2:in `<module:Blorgh>'
  /Users/aimeeknight/Desktop/Projects/blorgh/app/models/blorgh/post.rb:1:in `<top (required)>'
  activesupport (4.1.1) lib/active_support/dependencies.rb:443:in `load'
  activesupport (4.1.1) lib/active_support/dependencies.rb:443:in `block in load_file'
  activesupport (4.1.1) lib/active_support/dependencies.rb:633:in `new_constants_in'
  activesupport (4.1.1) lib/active_support/dependencies.rb:442:in `load_file'
  activesupport (4.1.1) lib/active_support/dependencies.rb:342:in `require_or_load'
  activesupport (4.1.1) lib/active_support/dependencies.rb:480:in `load_missing_constant'
  activesupport (4.1.1) lib/active_support/dependencies.rb:180:in `const_missing'
  activesupport (4.1.1) lib/active_support/dependencies.rb:512:in `load_missing_constant'
  activesupport (4.1.1) lib/active_support/dependencies.rb:180:in `const_missing'
  /Users/aimeeknight/Desktop/Projects/blorgh/app/controllers/blorgh/posts_controller.rb:9:in `index'
  actionpack (4.1.1) lib/action_controller/metal/implicit_render.rb:4:in `send_action'
  actionpack (4.1.1) lib/abstract_controller/base.rb:189:in `process_action'
  actionpack (4.1.1) lib/action_controller/metal/rendering.rb:10:in `process_action'
  actionpack (4.1.1) lib/abstract_controller/callbacks.rb:20:in `block in process_action'
  activesupport (4.1.1) lib/active_support/callbacks.rb:113:in `call'
  activesupport (4.1.1) lib/active_support/callbacks.rb:113:in `call'
  activesupport (4.1.1) lib/active_support/callbacks.rb:149:in `block in halting_and_conditional'
  activesupport (4.1.1) lib/active_support/callbacks.rb:86:in `call'
  activesupport (4.1.1) lib/active_support/callbacks.rb:86:in `run_callbacks'
  actionpack (4.1.1) lib/abstract_controller/callbacks.rb:19:in `process_action'
  actionpack (4.1.1) lib/action_controller/metal/rescue.rb:29:in `process_action'
  actionpack (4.1.1) lib/action_controller/metal/instrumentation.rb:31:in `block in process_action'
  activesupport (4.1.1) lib/active_support/notifications.rb:159:in `block in instrument'
  activesupport (4.1.1) lib/active_support/notifications/instrumenter.rb:20:in `instrument'
  activesupport (4.1.1) lib/active_support/notifications.rb:159:in `instrument'
  actionpack (4.1.1) lib/action_controller/metal/instrumentation.rb:30:in `process_action'
  actionpack (4.1.1) lib/action_controller/metal/params_wrapper.rb:250:in `process_action'
  activerecord (4.1.1) lib/active_record/railties/controller_runtime.rb:18:in `process_action'
  actionpack (4.1.1) lib/abstract_controller/base.rb:136:in `process'
  actionview (4.1.1) lib/action_view/rendering.rb:30:in `process'
  actionpack (4.1.1) lib/action_controller/metal.rb:195:in `dispatch'
  actionpack (4.1.1) lib/action_controller/metal/rack_delegation.rb:13:in `dispatch'
  actionpack (4.1.1) lib/action_controller/metal.rb:231:in `block in action'
  actionpack (4.1.1) lib/action_dispatch/routing/route_set.rb:80:in `call'
  actionpack (4.1.1) lib/action_dispatch/routing/route_set.rb:80:in `dispatch'
  actionpack (4.1.1) lib/action_dispatch/routing/route_set.rb:48:in `call'
  actionpack (4.1.1) lib/action_dispatch/journey/router.rb:71:in `block in call'
  actionpack (4.1.1) lib/action_dispatch/journey/router.rb:59:in `each'
  actionpack (4.1.1) lib/action_dispatch/journey/router.rb:59:in `call'
  actionpack (4.1.1) lib/action_dispatch/routing/route_set.rb:676:in `call'
  railties (4.1.1) lib/rails/engine.rb:514:in `call'
  railties (4.1.1) lib/rails/railtie.rb:194:in `public_send'
  railties (4.1.1) lib/rails/railtie.rb:194:in `method_missing'
  actionpack (4.1.1) lib/action_dispatch/journey/router.rb:71:in `block in call'
  actionpack (4.1.1) lib/action_dispatch/journey/router.rb:59:in `each'
  actionpack (4.1.1) lib/action_dispatch/journey/router.rb:59:in `call'
  actionpack (4.1.1) lib/action_dispatch/routing/route_set.rb:676:in `call'
  rack (1.5.2) lib/rack/etag.rb:23:in `call'
  rack (1.5.2) lib/rack/conditionalget.rb:25:in `call'
  rack (1.5.2) lib/rack/head.rb:11:in `call'
  actionpack (4.1.1) lib/action_dispatch/middleware/params_parser.rb:27:in `call'
  actionpack (4.1.1) lib/action_dispatch/middleware/flash.rb:254:in `call'
  rack (1.5.2) lib/rack/session/abstract/id.rb:225:in `context'
  rack (1.5.2) lib/rack/session/abstract/id.rb:220:in `call'
  actionpack (4.1.1) lib/action_dispatch/middleware/cookies.rb:560:in `call'
  activerecord (4.1.1) lib/active_record/query_cache.rb:36:in `call'
  activerecord (4.1.1) lib/active_record/connection_adapters/abstract/connection_pool.rb:621:in `call'
  activerecord (4.1.1) lib/active_record/migration.rb:380:in `call'
  actionpack (4.1.1) lib/action_dispatch/middleware/callbacks.rb:29:in `block in call'
  activesupport (4.1.1) lib/active_support/callbacks.rb:82:in `run_callbacks'
  actionpack (4.1.1) lib/action_dispatch/middleware/callbacks.rb:27:in `call'
  actionpack (4.1.1) lib/action_dispatch/middleware/reloader.rb:73:in `call'
  actionpack (4.1.1) lib/action_dispatch/middleware/remote_ip.rb:76:in `call'
  actionpack (4.1.1) lib/action_dispatch/middleware/debug_exceptions.rb:17:in `call'
  actionpack (4.1.1) lib/action_dispatch/middleware/show_exceptions.rb:30:in `call'
  railties (4.1.1) lib/rails/rack/logger.rb:38:in `call_app'
  railties (4.1.1) lib/rails/rack/logger.rb:20:in `block in call'
  activesupport (4.1.1) lib/active_support/tagged_logging.rb:68:in `block in tagged'
  activesupport (4.1.1) lib/active_support/tagged_logging.rb:26:in `tagged'
  activesupport (4.1.1) lib/active_support/tagged_logging.rb:68:in `tagged'
  railties (4.1.1) lib/rails/rack/logger.rb:20:in `call'
  actionpack (4.1.1) lib/action_dispatch/middleware/request_id.rb:21:in `call'
  rack (1.5.2) lib/rack/methodoverride.rb:21:in `call'
  rack (1.5.2) lib/rack/runtime.rb:17:in `call'
  activesupport (4.1.1) lib/active_support/cache/strategy/local_cache_middleware.rb:26:in `call'
  rack (1.5.2) lib/rack/lock.rb:17:in `call'
  actionpack (4.1.1) lib/action_dispatch/middleware/static.rb:64:in `call'
  rack (1.5.2) lib/rack/sendfile.rb:112:in `call'
  railties (4.1.1) lib/rails/engine.rb:514:in `call'
  railties (4.1.1) lib/rails/application.rb:144:in `call'
  rack (1.5.2) lib/rack/lock.rb:17:in `call'
  rack (1.5.2) lib/rack/content_length.rb:14:in `call'
  rack (1.5.2) lib/rack/handler/webrick.rb:60:in `service'
  /Users/aimeeknight/.rvm/rubies/ruby-2.1.1/lib/ruby/2.1.0/webrick/httpserver.rb:138:in `service'
  /Users/aimeeknight/.rvm/rubies/ruby-2.1.1/lib/ruby/2.1.0/webrick/httpserver.rb:94:in `run'
  /Users/aimeeknight/.rvm/rubies/ruby-2.1.1/lib/ruby/2.1.0/webrick/server.rb:295:in `block in start_thread'


  Rendered /Users/aimeeknight/.rvm/gems/ruby-2.1.1@engine/gems/actionpack-4.1.1/lib/action_dispatch/middleware/templates/rescues/_source.erb (0.5ms)
  Rendered /Users/aimeeknight/.rvm/gems/ruby-2.1.1@engine/gems/actionpack-4.1.1/lib/action_dispatch/middleware/templates/rescues/_trace.html.erb (1.1ms)
  Rendered /Users/aimeeknight/.rvm/gems/ruby-2.1.1@engine/gems/actionpack-4.1.1/lib/action_dispatch/middleware/templates/rescues/_request_and_response.html.erb (1.3ms)
  Rendered /Users/aimeeknight/.rvm/gems/ruby-2.1.1@engine/gems/actionpack-4.1.1/lib/action_dispatch/middleware/templates/rescues/diagnostics.erb within rescues/layout (12.8ms)


Started GET "/posts" for 127.0.0.1 at 2014-06-03 17:59:06 -0500

ActionController::RoutingError (No route matches [GET] "/posts"):
  actionpack (4.1.1) lib/action_dispatch/middleware/debug_exceptions.rb:21:in `call'
  actionpack (4.1.1) lib/action_dispatch/middleware/show_exceptions.rb:30:in `call'
  railties (4.1.1) lib/rails/rack/logger.rb:38:in `call_app'
  railties (4.1.1) lib/rails/rack/logger.rb:20:in `block in call'
  activesupport (4.1.1) lib/active_support/tagged_logging.rb:68:in `block in tagged'
  activesupport (4.1.1) lib/active_support/tagged_logging.rb:26:in `tagged'
  activesupport (4.1.1) lib/active_support/tagged_logging.rb:68:in `tagged'
  railties (4.1.1) lib/rails/rack/logger.rb:20:in `call'
  actionpack (4.1.1) lib/action_dispatch/middleware/request_id.rb:21:in `call'
  rack (1.5.2) lib/rack/methodoverride.rb:21:in `call'
  rack (1.5.2) lib/rack/runtime.rb:17:in `call'
  activesupport (4.1.1) lib/active_support/cache/strategy/local_cache_middleware.rb:26:in `call'
  rack (1.5.2) lib/rack/lock.rb:17:in `call'
  actionpack (4.1.1) lib/action_dispatch/middleware/static.rb:64:in `call'
  rack (1.5.2) lib/rack/sendfile.rb:112:in `call'
  railties (4.1.1) lib/rails/engine.rb:514:in `call'
  railties (4.1.1) lib/rails/application.rb:144:in `call'
  rack (1.5.2) lib/rack/lock.rb:17:in `call'
  rack (1.5.2) lib/rack/content_length.rb:14:in `call'
  rack (1.5.2) lib/rack/handler/webrick.rb:60:in `service'
  /Users/aimeeknight/.rvm/rubies/ruby-2.1.1/lib/ruby/2.1.0/webrick/httpserver.rb:138:in `service'
  /Users/aimeeknight/.rvm/rubies/ruby-2.1.1/lib/ruby/2.1.0/webrick/httpserver.rb:94:in `run'
  /Users/aimeeknight/.rvm/rubies/ruby-2.1.1/lib/ruby/2.1.0/webrick/server.rb:295:in `block in start_thread'


  Rendered /Users/aimeeknight/.rvm/gems/ruby-2.1.1@engine/gems/actionpack-4.1.1/lib/action_dispatch/middleware/templates/rescues/_trace.html.erb (1.0ms)
  Rendered /Users/aimeeknight/.rvm/gems/ruby-2.1.1@engine/gems/actionpack-4.1.1/lib/action_dispatch/middleware/templates/routes/_route.html.erb (1.1ms)
  Rendered /Users/aimeeknight/.rvm/gems/ruby-2.1.1@engine/gems/actionpack-4.1.1/lib/action_dispatch/middleware/templates/routes/_route.html.erb (1.4ms)
  Rendered /Users/aimeeknight/.rvm/gems/ruby-2.1.1@engine/gems/actionpack-4.1.1/lib/action_dispatch/middleware/templates/routes/_table.html.erb (20.0ms)
  Rendered /Users/aimeeknight/.rvm/gems/ruby-2.1.1@engine/gems/actionpack-4.1.1/lib/action_dispatch/middleware/templates/rescues/routing_error.html.erb within rescues/layout (99.8ms)
  [1m[36mActiveRecord::SchemaMigration Load (1.0ms)[0m  [1mSELECT "schema_migrations".* FROM "schema_migrations"[0m
Migrating to CreateBlorghUsers (20140603181712)
  [1m[35m (0.2ms)[0m  begin transaction
  [1m[36m (0.5ms)[0m  [1mCREATE TABLE "blorgh_users" ("id" INTEGER PRIMARY KEY AUTOINCREMENT NOT NULL, "name" varchar(255), "created_at" datetime, "updated_at" datetime) [0m
  [1m[35mSQL (0.4ms)[0m  INSERT INTO "schema_migrations" ("version") VALUES (?)  [["version", "20140603181712"]]
  [1m[36m (7.8ms)[0m  [1mcommit transaction[0m
Migrating to AddAuthorIdToBlorghPosts (20140603183104)
  [1m[35m (0.2ms)[0m  begin transaction
  [1m[36m (0.8ms)[0m  [1mALTER TABLE "blorgh_posts" ADD "author_id" integer[0m
  [1m[35mSQL (0.2ms)[0m  INSERT INTO "schema_migrations" ("version") VALUES (?)  [["version", "20140603183104"]]
  [1m[36m (2.6ms)[0m  [1mcommit transaction[0m
  [1m[35mActiveRecord::SchemaMigration Load (0.1ms)[0m  SELECT "schema_migrations".* FROM "schema_migrations"
  [1m[36mActiveRecord::SchemaMigration Load (0.1ms)[0m  [1mSELECT "schema_migrations".* FROM "schema_migrations"[0m
  [1m[35mActiveRecord::SchemaMigration Load (0.1ms)[0m  SELECT "schema_migrations".* FROM "schema_migrations"
  [1m[36mActiveRecord::SchemaMigration Load (0.1ms)[0m  [1mSELECT "schema_migrations".* FROM "schema_migrations"[0m
Migrating to CreateBootsyImages (20140606215532)
  [1m[35m (0.1ms)[0m  begin transaction
  [1m[36m (0.4ms)[0m  [1mCREATE TABLE "bootsy_images" ("id" INTEGER PRIMARY KEY AUTOINCREMENT NOT NULL, "image_file" varchar(255), "image_gallery_id" integer, "created_at" datetime, "updated_at" datetime) [0m
  [1m[35mSQL (0.2ms)[0m  INSERT INTO "schema_migrations" ("version") VALUES (?)  [["version", "20140606215532"]]
  [1m[36m (10.3ms)[0m  [1mcommit transaction[0m
Migrating to CreateBootsyImageGalleries (20140606215533)
  [1m[35m (0.1ms)[0m  begin transaction
  [1m[36m (0.3ms)[0m  [1mCREATE TABLE "bootsy_image_galleries" ("id" INTEGER PRIMARY KEY AUTOINCREMENT NOT NULL, "bootsy_resource_id" integer, "bootsy_resource_type" varchar(255), "created_at" datetime, "updated_at" datetime) [0m
  [1m[35mSQL (0.2ms)[0m  INSERT INTO "schema_migrations" ("version") VALUES (?)  [["version", "20140606215533"]]
  [1m[36m (6.7ms)[0m  [1mcommit transaction[0m
  [1m[35mActiveRecord::SchemaMigration Load (0.1ms)[0m  SELECT "schema_migrations".* FROM "schema_migrations"


Started GET "/blorgh/" for 127.0.0.1 at 2014-06-06 17:07:38 -0500
  [1m[36mActiveRecord::SchemaMigration Load (0.2ms)[0m  [1mSELECT "schema_migrations".* FROM "schema_migrations"[0m
Processing by Blorgh::PostsController#index as HTML
Completed 500 Internal Server Error in 16ms

NoMethodError (undefined method `constantize' for nil:NilClass):
  /Users/aimeeknight/Desktop/Projects/blorgh/lib/blorgh.rb:12:in `author_class'
  /Users/aimeeknight/Desktop/Projects/blorgh/app/models/blorgh/post.rb:7:in `<class:Post>'
  /Users/aimeeknight/Desktop/Projects/blorgh/app/models/blorgh/post.rb:2:in `<module:Blorgh>'
  /Users/aimeeknight/Desktop/Projects/blorgh/app/models/blorgh/post.rb:1:in `<top (required)>'
  activesupport (4.1.1) lib/active_support/dependencies.rb:443:in `load'
  activesupport (4.1.1) lib/active_support/dependencies.rb:443:in `block in load_file'
  activesupport (4.1.1) lib/active_support/dependencies.rb:633:in `new_constants_in'
  activesupport (4.1.1) lib/active_support/dependencies.rb:442:in `load_file'
  activesupport (4.1.1) lib/active_support/dependencies.rb:342:in `require_or_load'
  activesupport (4.1.1) lib/active_support/dependencies.rb:480:in `load_missing_constant'
  activesupport (4.1.1) lib/active_support/dependencies.rb:180:in `const_missing'
  activesupport (4.1.1) lib/active_support/dependencies.rb:512:in `load_missing_constant'
  activesupport (4.1.1) lib/active_support/dependencies.rb:180:in `const_missing'
  /Users/aimeeknight/Desktop/Projects/blorgh/app/controllers/blorgh/posts_controller.rb:9:in `index'
  actionpack (4.1.1) lib/action_controller/metal/implicit_render.rb:4:in `send_action'
  actionpack (4.1.1) lib/abstract_controller/base.rb:189:in `process_action'
  actionpack (4.1.1) lib/action_controller/metal/rendering.rb:10:in `process_action'
  actionpack (4.1.1) lib/abstract_controller/callbacks.rb:20:in `block in process_action'
  activesupport (4.1.1) lib/active_support/callbacks.rb:113:in `call'
  activesupport (4.1.1) lib/active_support/callbacks.rb:113:in `call'
  activesupport (4.1.1) lib/active_support/callbacks.rb:149:in `block in halting_and_conditional'
  activesupport (4.1.1) lib/active_support/callbacks.rb:86:in `call'
  activesupport (4.1.1) lib/active_support/callbacks.rb:86:in `run_callbacks'
  actionpack (4.1.1) lib/abstract_controller/callbacks.rb:19:in `process_action'
  actionpack (4.1.1) lib/action_controller/metal/rescue.rb:29:in `process_action'
  actionpack (4.1.1) lib/action_controller/metal/instrumentation.rb:31:in `block in process_action'
  activesupport (4.1.1) lib/active_support/notifications.rb:159:in `block in instrument'
  activesupport (4.1.1) lib/active_support/notifications/instrumenter.rb:20:in `instrument'
  activesupport (4.1.1) lib/active_support/notifications.rb:159:in `instrument'
  actionpack (4.1.1) lib/action_controller/metal/instrumentation.rb:30:in `process_action'
  actionpack (4.1.1) lib/action_controller/metal/params_wrapper.rb:250:in `process_action'
  activerecord (4.1.1) lib/active_record/railties/controller_runtime.rb:18:in `process_action'
  actionpack (4.1.1) lib/abstract_controller/base.rb:136:in `process'
  actionview (4.1.1) lib/action_view/rendering.rb:30:in `process'
  actionpack (4.1.1) lib/action_controller/metal.rb:195:in `dispatch'
  actionpack (4.1.1) lib/action_controller/metal/rack_delegation.rb:13:in `dispatch'
  actionpack (4.1.1) lib/action_controller/metal.rb:231:in `block in action'
  actionpack (4.1.1) lib/action_dispatch/routing/route_set.rb:80:in `call'
  actionpack (4.1.1) lib/action_dispatch/routing/route_set.rb:80:in `dispatch'
  actionpack (4.1.1) lib/action_dispatch/routing/route_set.rb:48:in `call'
  actionpack (4.1.1) lib/action_dispatch/journey/router.rb:71:in `block in call'
  actionpack (4.1.1) lib/action_dispatch/journey/router.rb:59:in `each'
  actionpack (4.1.1) lib/action_dispatch/journey/router.rb:59:in `call'
  actionpack (4.1.1) lib/action_dispatch/routing/route_set.rb:676:in `call'
  railties (4.1.1) lib/rails/engine.rb:514:in `call'
  railties (4.1.1) lib/rails/railtie.rb:194:in `public_send'
  railties (4.1.1) lib/rails/railtie.rb:194:in `method_missing'
  actionpack (4.1.1) lib/action_dispatch/journey/router.rb:71:in `block in call'
  actionpack (4.1.1) lib/action_dispatch/journey/router.rb:59:in `each'
  actionpack (4.1.1) lib/action_dispatch/journey/router.rb:59:in `call'
  actionpack (4.1.1) lib/action_dispatch/routing/route_set.rb:676:in `call'
  rack (1.5.2) lib/rack/etag.rb:23:in `call'
  rack (1.5.2) lib/rack/conditionalget.rb:25:in `call'
  rack (1.5.2) lib/rack/head.rb:11:in `call'
  remotipart (1.2.1) lib/remotipart/middleware.rb:27:in `call'
  actionpack (4.1.1) lib/action_dispatch/middleware/params_parser.rb:27:in `call'
  actionpack (4.1.1) lib/action_dispatch/middleware/flash.rb:254:in `call'
  rack (1.5.2) lib/rack/session/abstract/id.rb:225:in `context'
  rack (1.5.2) lib/rack/session/abstract/id.rb:220:in `call'
  actionpack (4.1.1) lib/action_dispatch/middleware/cookies.rb:560:in `call'
  activerecord (4.1.1) lib/active_record/query_cache.rb:36:in `call'
  activerecord (4.1.1) lib/active_record/connection_adapters/abstract/connection_pool.rb:621:in `call'
  activerecord (4.1.1) lib/active_record/migration.rb:380:in `call'
  actionpack (4.1.1) lib/action_dispatch/middleware/callbacks.rb:29:in `block in call'
  activesupport (4.1.1) lib/active_support/callbacks.rb:82:in `run_callbacks'
  actionpack (4.1.1) lib/action_dispatch/middleware/callbacks.rb:27:in `call'
  actionpack (4.1.1) lib/action_dispatch/middleware/reloader.rb:73:in `call'
  actionpack (4.1.1) lib/action_dispatch/middleware/remote_ip.rb:76:in `call'
  actionpack (4.1.1) lib/action_dispatch/middleware/debug_exceptions.rb:17:in `call'
  actionpack (4.1.1) lib/action_dispatch/middleware/show_exceptions.rb:30:in `call'
  railties (4.1.1) lib/rails/rack/logger.rb:38:in `call_app'
  railties (4.1.1) lib/rails/rack/logger.rb:20:in `block in call'
  activesupport (4.1.1) lib/active_support/tagged_logging.rb:68:in `block in tagged'
  activesupport (4.1.1) lib/active_support/tagged_logging.rb:26:in `tagged'
  activesupport (4.1.1) lib/active_support/tagged_logging.rb:68:in `tagged'
  railties (4.1.1) lib/rails/rack/logger.rb:20:in `call'
  actionpack (4.1.1) lib/action_dispatch/middleware/request_id.rb:21:in `call'
  rack (1.5.2) lib/rack/methodoverride.rb:21:in `call'
  rack (1.5.2) lib/rack/runtime.rb:17:in `call'
  activesupport (4.1.1) lib/active_support/cache/strategy/local_cache_middleware.rb:26:in `call'
  rack (1.5.2) lib/rack/lock.rb:17:in `call'
  actionpack (4.1.1) lib/action_dispatch/middleware/static.rb:64:in `call'
  rack (1.5.2) lib/rack/sendfile.rb:112:in `call'
  railties (4.1.1) lib/rails/engine.rb:514:in `call'
  railties (4.1.1) lib/rails/application.rb:144:in `call'
  rack (1.5.2) lib/rack/lock.rb:17:in `call'
  rack (1.5.2) lib/rack/content_length.rb:14:in `call'
  rack (1.5.2) lib/rack/handler/webrick.rb:60:in `service'
  /Users/aimeeknight/.rvm/rubies/ruby-2.1.1/lib/ruby/2.1.0/webrick/httpserver.rb:138:in `service'
  /Users/aimeeknight/.rvm/rubies/ruby-2.1.1/lib/ruby/2.1.0/webrick/httpserver.rb:94:in `run'
  /Users/aimeeknight/.rvm/rubies/ruby-2.1.1/lib/ruby/2.1.0/webrick/server.rb:295:in `block in start_thread'


  Rendered /Users/aimeeknight/.rvm/gems/ruby-2.1.1@engine/gems/actionpack-4.1.1/lib/action_dispatch/middleware/templates/rescues/_source.erb (0.7ms)
  Rendered /Users/aimeeknight/.rvm/gems/ruby-2.1.1@engine/gems/actionpack-4.1.1/lib/action_dispatch/middleware/templates/rescues/_trace.html.erb (1.4ms)
  Rendered /Users/aimeeknight/.rvm/gems/ruby-2.1.1@engine/gems/actionpack-4.1.1/lib/action_dispatch/middleware/templates/rescues/_request_and_response.html.erb (14.9ms)
  Rendered /Users/aimeeknight/.rvm/gems/ruby-2.1.1@engine/gems/actionpack-4.1.1/lib/action_dispatch/middleware/templates/rescues/diagnostics.erb within rescues/layout (38.5ms)


Started GET "/blorgh/posts" for 127.0.0.1 at 2014-06-06 17:07:56 -0500
Processing by Blorgh::PostsController#index as HTML
Completed 500 Internal Server Error in 4ms

NoMethodError (undefined method `constantize' for nil:NilClass):
  /Users/aimeeknight/Desktop/Projects/blorgh/lib/blorgh.rb:12:in `author_class'
  /Users/aimeeknight/Desktop/Projects/blorgh/app/models/blorgh/post.rb:7:in `<class:Post>'
  /Users/aimeeknight/Desktop/Projects/blorgh/app/models/blorgh/post.rb:2:in `<module:Blorgh>'
  /Users/aimeeknight/Desktop/Projects/blorgh/app/models/blorgh/post.rb:1:in `<top (required)>'
  activesupport (4.1.1) lib/active_support/dependencies.rb:443:in `load'
  activesupport (4.1.1) lib/active_support/dependencies.rb:443:in `block in load_file'
  activesupport (4.1.1) lib/active_support/dependencies.rb:633:in `new_constants_in'
  activesupport (4.1.1) lib/active_support/dependencies.rb:442:in `load_file'
  activesupport (4.1.1) lib/active_support/dependencies.rb:342:in `require_or_load'
  activesupport (4.1.1) lib/active_support/dependencies.rb:480:in `load_missing_constant'
  activesupport (4.1.1) lib/active_support/dependencies.rb:180:in `const_missing'
  activesupport (4.1.1) lib/active_support/dependencies.rb:512:in `load_missing_constant'
  activesupport (4.1.1) lib/active_support/dependencies.rb:180:in `const_missing'
  /Users/aimeeknight/Desktop/Projects/blorgh/app/controllers/blorgh/posts_controller.rb:9:in `index'
  actionpack (4.1.1) lib/action_controller/metal/implicit_render.rb:4:in `send_action'
  actionpack (4.1.1) lib/abstract_controller/base.rb:189:in `process_action'
  actionpack (4.1.1) lib/action_controller/metal/rendering.rb:10:in `process_action'
  actionpack (4.1.1) lib/abstract_controller/callbacks.rb:20:in `block in process_action'
  activesupport (4.1.1) lib/active_support/callbacks.rb:113:in `call'
  activesupport (4.1.1) lib/active_support/callbacks.rb:113:in `call'
  activesupport (4.1.1) lib/active_support/callbacks.rb:149:in `block in halting_and_conditional'
  activesupport (4.1.1) lib/active_support/callbacks.rb:86:in `call'
  activesupport (4.1.1) lib/active_support/callbacks.rb:86:in `run_callbacks'
  actionpack (4.1.1) lib/abstract_controller/callbacks.rb:19:in `process_action'
  actionpack (4.1.1) lib/action_controller/metal/rescue.rb:29:in `process_action'
  actionpack (4.1.1) lib/action_controller/metal/instrumentation.rb:31:in `block in process_action'
  activesupport (4.1.1) lib/active_support/notifications.rb:159:in `block in instrument'
  activesupport (4.1.1) lib/active_support/notifications/instrumenter.rb:20:in `instrument'
  activesupport (4.1.1) lib/active_support/notifications.rb:159:in `instrument'
  actionpack (4.1.1) lib/action_controller/metal/instrumentation.rb:30:in `process_action'
  actionpack (4.1.1) lib/action_controller/metal/params_wrapper.rb:250:in `process_action'
  activerecord (4.1.1) lib/active_record/railties/controller_runtime.rb:18:in `process_action'
  actionpack (4.1.1) lib/abstract_controller/base.rb:136:in `process'
  actionview (4.1.1) lib/action_view/rendering.rb:30:in `process'
  actionpack (4.1.1) lib/action_controller/metal.rb:195:in `dispatch'
  actionpack (4.1.1) lib/action_controller/metal/rack_delegation.rb:13:in `dispatch'
  actionpack (4.1.1) lib/action_controller/metal.rb:231:in `block in action'
  actionpack (4.1.1) lib/action_dispatch/routing/route_set.rb:80:in `call'
  actionpack (4.1.1) lib/action_dispatch/routing/route_set.rb:80:in `dispatch'
  actionpack (4.1.1) lib/action_dispatch/routing/route_set.rb:48:in `call'
  actionpack (4.1.1) lib/action_dispatch/journey/router.rb:71:in `block in call'
  actionpack (4.1.1) lib/action_dispatch/journey/router.rb:59:in `each'
  actionpack (4.1.1) lib/action_dispatch/journey/router.rb:59:in `call'
  actionpack (4.1.1) lib/action_dispatch/routing/route_set.rb:676:in `call'
  railties (4.1.1) lib/rails/engine.rb:514:in `call'
  railties (4.1.1) lib/rails/railtie.rb:194:in `public_send'
  railties (4.1.1) lib/rails/railtie.rb:194:in `method_missing'
  actionpack (4.1.1) lib/action_dispatch/journey/router.rb:71:in `block in call'
  actionpack (4.1.1) lib/action_dispatch/journey/router.rb:59:in `each'
  actionpack (4.1.1) lib/action_dispatch/journey/router.rb:59:in `call'
  actionpack (4.1.1) lib/action_dispatch/routing/route_set.rb:676:in `call'
  rack (1.5.2) lib/rack/etag.rb:23:in `call'
  rack (1.5.2) lib/rack/conditionalget.rb:25:in `call'
  rack (1.5.2) lib/rack/head.rb:11:in `call'
  remotipart (1.2.1) lib/remotipart/middleware.rb:27:in `call'
  actionpack (4.1.1) lib/action_dispatch/middleware/params_parser.rb:27:in `call'
  actionpack (4.1.1) lib/action_dispatch/middleware/flash.rb:254:in `call'
  rack (1.5.2) lib/rack/session/abstract/id.rb:225:in `context'
  rack (1.5.2) lib/rack/session/abstract/id.rb:220:in `call'
  actionpack (4.1.1) lib/action_dispatch/middleware/cookies.rb:560:in `call'
  activerecord (4.1.1) lib/active_record/query_cache.rb:36:in `call'
  activerecord (4.1.1) lib/active_record/connection_adapters/abstract/connection_pool.rb:621:in `call'
  activerecord (4.1.1) lib/active_record/migration.rb:380:in `call'
  actionpack (4.1.1) lib/action_dispatch/middleware/callbacks.rb:29:in `block in call'
  activesupport (4.1.1) lib/active_support/callbacks.rb:82:in `run_callbacks'
  actionpack (4.1.1) lib/action_dispatch/middleware/callbacks.rb:27:in `call'
  actionpack (4.1.1) lib/action_dispatch/middleware/reloader.rb:73:in `call'
  actionpack (4.1.1) lib/action_dispatch/middleware/remote_ip.rb:76:in `call'
  actionpack (4.1.1) lib/action_dispatch/middleware/debug_exceptions.rb:17:in `call'
  actionpack (4.1.1) lib/action_dispatch/middleware/show_exceptions.rb:30:in `call'
  railties (4.1.1) lib/rails/rack/logger.rb:38:in `call_app'
  railties (4.1.1) lib/rails/rack/logger.rb:20:in `block in call'
  activesupport (4.1.1) lib/active_support/tagged_logging.rb:68:in `block in tagged'
  activesupport (4.1.1) lib/active_support/tagged_logging.rb:26:in `tagged'
  activesupport (4.1.1) lib/active_support/tagged_logging.rb:68:in `tagged'
  railties (4.1.1) lib/rails/rack/logger.rb:20:in `call'
  actionpack (4.1.1) lib/action_dispatch/middleware/request_id.rb:21:in `call'
  rack (1.5.2) lib/rack/methodoverride.rb:21:in `call'
  rack (1.5.2) lib/rack/runtime.rb:17:in `call'
  activesupport (4.1.1) lib/active_support/cache/strategy/local_cache_middleware.rb:26:in `call'
  rack (1.5.2) lib/rack/lock.rb:17:in `call'
  actionpack (4.1.1) lib/action_dispatch/middleware/static.rb:64:in `call'
  rack (1.5.2) lib/rack/sendfile.rb:112:in `call'
  railties (4.1.1) lib/rails/engine.rb:514:in `call'
  railties (4.1.1) lib/rails/application.rb:144:in `call'
  rack (1.5.2) lib/rack/lock.rb:17:in `call'
  rack (1.5.2) lib/rack/content_length.rb:14:in `call'
  rack (1.5.2) lib/rack/handler/webrick.rb:60:in `service'
  /Users/aimeeknight/.rvm/rubies/ruby-2.1.1/lib/ruby/2.1.0/webrick/httpserver.rb:138:in `service'
  /Users/aimeeknight/.rvm/rubies/ruby-2.1.1/lib/ruby/2.1.0/webrick/httpserver.rb:94:in `run'
  /Users/aimeeknight/.rvm/rubies/ruby-2.1.1/lib/ruby/2.1.0/webrick/server.rb:295:in `block in start_thread'


  Rendered /Users/aimeeknight/.rvm/gems/ruby-2.1.1@engine/gems/actionpack-4.1.1/lib/action_dispatch/middleware/templates/rescues/_source.erb (0.5ms)
  Rendered /Users/aimeeknight/.rvm/gems/ruby-2.1.1@engine/gems/actionpack-4.1.1/lib/action_dispatch/middleware/templates/rescues/_trace.html.erb (1.2ms)
  Rendered /Users/aimeeknight/.rvm/gems/ruby-2.1.1@engine/gems/actionpack-4.1.1/lib/action_dispatch/middleware/templates/rescues/_request_and_response.html.erb (8.5ms)
  Rendered /Users/aimeeknight/.rvm/gems/ruby-2.1.1@engine/gems/actionpack-4.1.1/lib/action_dispatch/middleware/templates/rescues/diagnostics.erb within rescues/layout (20.8ms)


Started GET "/posts" for 127.0.0.1 at 2014-06-06 17:08:01 -0500

ActionController::RoutingError (No route matches [GET] "/posts"):
  actionpack (4.1.1) lib/action_dispatch/middleware/debug_exceptions.rb:21:in `call'
  actionpack (4.1.1) lib/action_dispatch/middleware/show_exceptions.rb:30:in `call'
  railties (4.1.1) lib/rails/rack/logger.rb:38:in `call_app'
  railties (4.1.1) lib/rails/rack/logger.rb:20:in `block in call'
  activesupport (4.1.1) lib/active_support/tagged_logging.rb:68:in `block in tagged'
  activesupport (4.1.1) lib/active_support/tagged_logging.rb:26:in `tagged'
  activesupport (4.1.1) lib/active_support/tagged_logging.rb:68:in `tagged'
  railties (4.1.1) lib/rails/rack/logger.rb:20:in `call'
  actionpack (4.1.1) lib/action_dispatch/middleware/request_id.rb:21:in `call'
  rack (1.5.2) lib/rack/methodoverride.rb:21:in `call'
  rack (1.5.2) lib/rack/runtime.rb:17:in `call'
  activesupport (4.1.1) lib/active_support/cache/strategy/local_cache_middleware.rb:26:in `call'
  rack (1.5.2) lib/rack/lock.rb:17:in `call'
  actionpack (4.1.1) lib/action_dispatch/middleware/static.rb:64:in `call'
  rack (1.5.2) lib/rack/sendfile.rb:112:in `call'
  railties (4.1.1) lib/rails/engine.rb:514:in `call'
  railties (4.1.1) lib/rails/application.rb:144:in `call'
  rack (1.5.2) lib/rack/lock.rb:17:in `call'
  rack (1.5.2) lib/rack/content_length.rb:14:in `call'
  rack (1.5.2) lib/rack/handler/webrick.rb:60:in `service'
  /Users/aimeeknight/.rvm/rubies/ruby-2.1.1/lib/ruby/2.1.0/webrick/httpserver.rb:138:in `service'
  /Users/aimeeknight/.rvm/rubies/ruby-2.1.1/lib/ruby/2.1.0/webrick/httpserver.rb:94:in `run'
  /Users/aimeeknight/.rvm/rubies/ruby-2.1.1/lib/ruby/2.1.0/webrick/server.rb:295:in `block in start_thread'


  Rendered /Users/aimeeknight/.rvm/gems/ruby-2.1.1@engine/gems/actionpack-4.1.1/lib/action_dispatch/middleware/templates/rescues/_trace.html.erb (1.4ms)
  Rendered /Users/aimeeknight/.rvm/gems/ruby-2.1.1@engine/gems/actionpack-4.1.1/lib/action_dispatch/middleware/templates/routes/_route.html.erb (0.8ms)
  Rendered /Users/aimeeknight/.rvm/gems/ruby-2.1.1@engine/gems/actionpack-4.1.1/lib/action_dispatch/middleware/templates/routes/_route.html.erb (0.8ms)
  Rendered /Users/aimeeknight/.rvm/gems/ruby-2.1.1@engine/gems/actionpack-4.1.1/lib/action_dispatch/middleware/templates/routes/_route.html.erb (1.4ms)
  Rendered /Users/aimeeknight/.rvm/gems/ruby-2.1.1@engine/gems/actionpack-4.1.1/lib/action_dispatch/middleware/templates/routes/_table.html.erb (42.9ms)
  Rendered /Users/aimeeknight/.rvm/gems/ruby-2.1.1@engine/gems/actionpack-4.1.1/lib/action_dispatch/middleware/templates/rescues/routing_error.html.erb within rescues/layout (94.3ms)


Started GET "/blog/posts/" for 127.0.0.1 at 2014-06-06 17:08:10 -0500

ActionController::RoutingError (No route matches [GET] "/blog/posts"):
  actionpack (4.1.1) lib/action_dispatch/middleware/debug_exceptions.rb:21:in `call'
  actionpack (4.1.1) lib/action_dispatch/middleware/show_exceptions.rb:30:in `call'
  railties (4.1.1) lib/rails/rack/logger.rb:38:in `call_app'
  railties (4.1.1) lib/rails/rack/logger.rb:20:in `block in call'
  activesupport (4.1.1) lib/active_support/tagged_logging.rb:68:in `block in tagged'
  activesupport (4.1.1) lib/active_support/tagged_logging.rb:26:in `tagged'
  activesupport (4.1.1) lib/active_support/tagged_logging.rb:68:in `tagged'
  railties (4.1.1) lib/rails/rack/logger.rb:20:in `call'
  actionpack (4.1.1) lib/action_dispatch/middleware/request_id.rb:21:in `call'
  rack (1.5.2) lib/rack/methodoverride.rb:21:in `call'
  rack (1.5.2) lib/rack/runtime.rb:17:in `call'
  activesupport (4.1.1) lib/active_support/cache/strategy/local_cache_middleware.rb:26:in `call'
  rack (1.5.2) lib/rack/lock.rb:17:in `call'
  actionpack (4.1.1) lib/action_dispatch/middleware/static.rb:64:in `call'
  rack (1.5.2) lib/rack/sendfile.rb:112:in `call'
  railties (4.1.1) lib/rails/engine.rb:514:in `call'
  railties (4.1.1) lib/rails/application.rb:144:in `call'
  rack (1.5.2) lib/rack/lock.rb:17:in `call'
  rack (1.5.2) lib/rack/content_length.rb:14:in `call'
  rack (1.5.2) lib/rack/handler/webrick.rb:60:in `service'
  /Users/aimeeknight/.rvm/rubies/ruby-2.1.1/lib/ruby/2.1.0/webrick/httpserver.rb:138:in `service'
  /Users/aimeeknight/.rvm/rubies/ruby-2.1.1/lib/ruby/2.1.0/webrick/httpserver.rb:94:in `run'
  /Users/aimeeknight/.rvm/rubies/ruby-2.1.1/lib/ruby/2.1.0/webrick/server.rb:295:in `block in start_thread'


  Rendered /Users/aimeeknight/.rvm/gems/ruby-2.1.1@engine/gems/actionpack-4.1.1/lib/action_dispatch/middleware/templates/rescues/_trace.html.erb (1.0ms)
  Rendered /Users/aimeeknight/.rvm/gems/ruby-2.1.1@engine/gems/actionpack-4.1.1/lib/action_dispatch/middleware/templates/routes/_route.html.erb (0.8ms)
  Rendered /Users/aimeeknight/.rvm/gems/ruby-2.1.1@engine/gems/actionpack-4.1.1/lib/action_dispatch/middleware/templates/routes/_route.html.erb (0.8ms)
  Rendered /Users/aimeeknight/.rvm/gems/ruby-2.1.1@engine/gems/actionpack-4.1.1/lib/action_dispatch/middleware/templates/routes/_route.html.erb (1.4ms)
  Rendered /Users/aimeeknight/.rvm/gems/ruby-2.1.1@engine/gems/actionpack-4.1.1/lib/action_dispatch/middleware/templates/routes/_table.html.erb (1.3ms)
  Rendered /Users/aimeeknight/.rvm/gems/ruby-2.1.1@engine/gems/actionpack-4.1.1/lib/action_dispatch/middleware/templates/rescues/routing_error.html.erb within rescues/layout (29.3ms)


Started GET "/blorgh/" for 127.0.0.1 at 2014-06-06 17:08:20 -0500
Processing by Blorgh::PostsController#index as HTML
Completed 500 Internal Server Error in 5ms

NoMethodError (undefined method `constantize' for nil:NilClass):
  /Users/aimeeknight/Desktop/Projects/blorgh/lib/blorgh.rb:12:in `author_class'
  /Users/aimeeknight/Desktop/Projects/blorgh/app/models/blorgh/post.rb:7:in `<class:Post>'
  /Users/aimeeknight/Desktop/Projects/blorgh/app/models/blorgh/post.rb:2:in `<module:Blorgh>'
  /Users/aimeeknight/Desktop/Projects/blorgh/app/models/blorgh/post.rb:1:in `<top (required)>'
  activesupport (4.1.1) lib/active_support/dependencies.rb:443:in `load'
  activesupport (4.1.1) lib/active_support/dependencies.rb:443:in `block in load_file'
  activesupport (4.1.1) lib/active_support/dependencies.rb:633:in `new_constants_in'
  activesupport (4.1.1) lib/active_support/dependencies.rb:442:in `load_file'
  activesupport (4.1.1) lib/active_support/dependencies.rb:342:in `require_or_load'
  activesupport (4.1.1) lib/active_support/dependencies.rb:480:in `load_missing_constant'
  activesupport (4.1.1) lib/active_support/dependencies.rb:180:in `const_missing'
  activesupport (4.1.1) lib/active_support/dependencies.rb:512:in `load_missing_constant'
  activesupport (4.1.1) lib/active_support/dependencies.rb:180:in `const_missing'
  /Users/aimeeknight/Desktop/Projects/blorgh/app/controllers/blorgh/posts_controller.rb:9:in `index'
  actionpack (4.1.1) lib/action_controller/metal/implicit_render.rb:4:in `send_action'
  actionpack (4.1.1) lib/abstract_controller/base.rb:189:in `process_action'
  actionpack (4.1.1) lib/action_controller/metal/rendering.rb:10:in `process_action'
  actionpack (4.1.1) lib/abstract_controller/callbacks.rb:20:in `block in process_action'
  activesupport (4.1.1) lib/active_support/callbacks.rb:113:in `call'
  activesupport (4.1.1) lib/active_support/callbacks.rb:113:in `call'
  activesupport (4.1.1) lib/active_support/callbacks.rb:149:in `block in halting_and_conditional'
  activesupport (4.1.1) lib/active_support/callbacks.rb:86:in `call'
  activesupport (4.1.1) lib/active_support/callbacks.rb:86:in `run_callbacks'
  actionpack (4.1.1) lib/abstract_controller/callbacks.rb:19:in `process_action'
  actionpack (4.1.1) lib/action_controller/metal/rescue.rb:29:in `process_action'
  actionpack (4.1.1) lib/action_controller/metal/instrumentation.rb:31:in `block in process_action'
  activesupport (4.1.1) lib/active_support/notifications.rb:159:in `block in instrument'
  activesupport (4.1.1) lib/active_support/notifications/instrumenter.rb:20:in `instrument'
  activesupport (4.1.1) lib/active_support/notifications.rb:159:in `instrument'
  actionpack (4.1.1) lib/action_controller/metal/instrumentation.rb:30:in `process_action'
  actionpack (4.1.1) lib/action_controller/metal/params_wrapper.rb:250:in `process_action'
  activerecord (4.1.1) lib/active_record/railties/controller_runtime.rb:18:in `process_action'
  actionpack (4.1.1) lib/abstract_controller/base.rb:136:in `process'
  actionview (4.1.1) lib/action_view/rendering.rb:30:in `process'
  actionpack (4.1.1) lib/action_controller/metal.rb:195:in `dispatch'
  actionpack (4.1.1) lib/action_controller/metal/rack_delegation.rb:13:in `dispatch'
  actionpack (4.1.1) lib/action_controller/metal.rb:231:in `block in action'
  actionpack (4.1.1) lib/action_dispatch/routing/route_set.rb:80:in `call'
  actionpack (4.1.1) lib/action_dispatch/routing/route_set.rb:80:in `dispatch'
  actionpack (4.1.1) lib/action_dispatch/routing/route_set.rb:48:in `call'
  actionpack (4.1.1) lib/action_dispatch/journey/router.rb:71:in `block in call'
  actionpack (4.1.1) lib/action_dispatch/journey/router.rb:59:in `each'
  actionpack (4.1.1) lib/action_dispatch/journey/router.rb:59:in `call'
  actionpack (4.1.1) lib/action_dispatch/routing/route_set.rb:676:in `call'
  railties (4.1.1) lib/rails/engine.rb:514:in `call'
  railties (4.1.1) lib/rails/railtie.rb:194:in `public_send'
  railties (4.1.1) lib/rails/railtie.rb:194:in `method_missing'
  actionpack (4.1.1) lib/action_dispatch/journey/router.rb:71:in `block in call'
  actionpack (4.1.1) lib/action_dispatch/journey/router.rb:59:in `each'
  actionpack (4.1.1) lib/action_dispatch/journey/router.rb:59:in `call'
  actionpack (4.1.1) lib/action_dispatch/routing/route_set.rb:676:in `call'
  rack (1.5.2) lib/rack/etag.rb:23:in `call'
  rack (1.5.2) lib/rack/conditionalget.rb:25:in `call'
  rack (1.5.2) lib/rack/head.rb:11:in `call'
  remotipart (1.2.1) lib/remotipart/middleware.rb:27:in `call'
  actionpack (4.1.1) lib/action_dispatch/middleware/params_parser.rb:27:in `call'
  actionpack (4.1.1) lib/action_dispatch/middleware/flash.rb:254:in `call'
  rack (1.5.2) lib/rack/session/abstract/id.rb:225:in `context'
  rack (1.5.2) lib/rack/session/abstract/id.rb:220:in `call'
  actionpack (4.1.1) lib/action_dispatch/middleware/cookies.rb:560:in `call'
  activerecord (4.1.1) lib/active_record/query_cache.rb:36:in `call'
  activerecord (4.1.1) lib/active_record/connection_adapters/abstract/connection_pool.rb:621:in `call'
  activerecord (4.1.1) lib/active_record/migration.rb:380:in `call'
  actionpack (4.1.1) lib/action_dispatch/middleware/callbacks.rb:29:in `block in call'
  activesupport (4.1.1) lib/active_support/callbacks.rb:82:in `run_callbacks'
  actionpack (4.1.1) lib/action_dispatch/middleware/callbacks.rb:27:in `call'
  actionpack (4.1.1) lib/action_dispatch/middleware/reloader.rb:73:in `call'
  actionpack (4.1.1) lib/action_dispatch/middleware/remote_ip.rb:76:in `call'
  actionpack (4.1.1) lib/action_dispatch/middleware/debug_exceptions.rb:17:in `call'
  actionpack (4.1.1) lib/action_dispatch/middleware/show_exceptions.rb:30:in `call'
  railties (4.1.1) lib/rails/rack/logger.rb:38:in `call_app'
  railties (4.1.1) lib/rails/rack/logger.rb:20:in `block in call'
  activesupport (4.1.1) lib/active_support/tagged_logging.rb:68:in `block in tagged'
  activesupport (4.1.1) lib/active_support/tagged_logging.rb:26:in `tagged'
  activesupport (4.1.1) lib/active_support/tagged_logging.rb:68:in `tagged'
  railties (4.1.1) lib/rails/rack/logger.rb:20:in `call'
  actionpack (4.1.1) lib/action_dispatch/middleware/request_id.rb:21:in `call'
  rack (1.5.2) lib/rack/methodoverride.rb:21:in `call'
  rack (1.5.2) lib/rack/runtime.rb:17:in `call'
  activesupport (4.1.1) lib/active_support/cache/strategy/local_cache_middleware.rb:26:in `call'
  rack (1.5.2) lib/rack/lock.rb:17:in `call'
  actionpack (4.1.1) lib/action_dispatch/middleware/static.rb:64:in `call'
  rack (1.5.2) lib/rack/sendfile.rb:112:in `call'
  railties (4.1.1) lib/rails/engine.rb:514:in `call'
  railties (4.1.1) lib/rails/application.rb:144:in `call'
  rack (1.5.2) lib/rack/lock.rb:17:in `call'
  rack (1.5.2) lib/rack/content_length.rb:14:in `call'
  rack (1.5.2) lib/rack/handler/webrick.rb:60:in `service'
  /Users/aimeeknight/.rvm/rubies/ruby-2.1.1/lib/ruby/2.1.0/webrick/httpserver.rb:138:in `service'
  /Users/aimeeknight/.rvm/rubies/ruby-2.1.1/lib/ruby/2.1.0/webrick/httpserver.rb:94:in `run'
  /Users/aimeeknight/.rvm/rubies/ruby-2.1.1/lib/ruby/2.1.0/webrick/server.rb:295:in `block in start_thread'


  Rendered /Users/aimeeknight/.rvm/gems/ruby-2.1.1@engine/gems/actionpack-4.1.1/lib/action_dispatch/middleware/templates/rescues/_source.erb (0.8ms)
  Rendered /Users/aimeeknight/.rvm/gems/ruby-2.1.1@engine/gems/actionpack-4.1.1/lib/action_dispatch/middleware/templates/rescues/_trace.html.erb (1.8ms)
  Rendered /Users/aimeeknight/.rvm/gems/ruby-2.1.1@engine/gems/actionpack-4.1.1/lib/action_dispatch/middleware/templates/rescues/_request_and_response.html.erb (1.2ms)
  Rendered /Users/aimeeknight/.rvm/gems/ruby-2.1.1@engine/gems/actionpack-4.1.1/lib/action_dispatch/middleware/templates/rescues/diagnostics.erb within rescues/layout (18.5ms)
  [1m[36m (51.1ms)[0m  [1mCREATE TABLE "schema_migrations" ("version" varchar(255) NOT NULL) [0m
  [1m[35m (0.1ms)[0m  select sqlite_version(*)
  [1m[36m (2.8ms)[0m  [1mCREATE UNIQUE INDEX "unique_schema_migrations" ON "schema_migrations" ("version")[0m
  [1m[35mActiveRecord::SchemaMigration Load (0.2ms)[0m  SELECT "schema_migrations".* FROM "schema_migrations"
Migrating to CreateBootsyImages (20140606215532)
  [1m[36m (0.1ms)[0m  [1mbegin transaction[0m
  [1m[35m (0.4ms)[0m  CREATE TABLE "bootsy_images" ("id" INTEGER PRIMARY KEY AUTOINCREMENT NOT NULL, "image_file" varchar(255), "image_gallery_id" integer, "created_at" datetime, "updated_at" datetime) 
  [1m[36mSQL (0.2ms)[0m  [1mINSERT INTO "schema_migrations" ("version") VALUES (?)[0m  [["version", "20140606215532"]]
  [1m[35m (4.3ms)[0m  commit transaction
Migrating to CreateBootsyImageGalleries (20140606215533)
  [1m[36m (0.1ms)[0m  [1mbegin transaction[0m
  [1m[35m (0.3ms)[0m  CREATE TABLE "bootsy_image_galleries" ("id" INTEGER PRIMARY KEY AUTOINCREMENT NOT NULL, "bootsy_resource_id" integer, "bootsy_resource_type" varchar(255), "created_at" datetime, "updated_at" datetime) 
  [1m[36mSQL (0.1ms)[0m  [1mINSERT INTO "schema_migrations" ("version") VALUES (?)[0m  [["version", "20140606215533"]]
  [1m[35m (4.1ms)[0m  commit transaction
  [1m[36mActiveRecord::SchemaMigration Load (0.1ms)[0m  [1mSELECT "schema_migrations".* FROM "schema_migrations"[0m
  [1m[36m (2.2ms)[0m  [1mCREATE TABLE "bootsy_image_galleries" ("id" INTEGER PRIMARY KEY AUTOINCREMENT NOT NULL, "bootsy_resource_id" integer, "bootsy_resource_type" varchar(255), "created_at" datetime, "updated_at" datetime) [0m
  [1m[35m (2.9ms)[0m  CREATE TABLE "bootsy_images" ("id" INTEGER PRIMARY KEY AUTOINCREMENT NOT NULL, "image_file" varchar(255), "image_gallery_id" integer, "created_at" datetime, "updated_at" datetime) 
  [1m[36m (3.2ms)[0m  [1mCREATE TABLE "schema_migrations" ("version" varchar(255) NOT NULL) [0m
  [1m[35m (0.1ms)[0m  select sqlite_version(*)
  [1m[36m (2.9ms)[0m  [1mCREATE UNIQUE INDEX "unique_schema_migrations" ON "schema_migrations" ("version")[0m
  [1m[35m (0.1ms)[0m  SELECT version FROM "schema_migrations"
  [1m[36m (3.2ms)[0m  [1mINSERT INTO "schema_migrations" (version) VALUES ('20140606215533')[0m
  [1m[35m (3.4ms)[0m  INSERT INTO "schema_migrations" (version) VALUES ('20140606215532')
  [1m[36mActiveRecord::SchemaMigration Load (0.2ms)[0m  [1mSELECT "schema_migrations".* FROM "schema_migrations"[0m
Migrating to CreateTableUsers (20140607012839)
  [1m[35m (0.1ms)[0m  begin transaction
  [1m[36m (0.4ms)[0m  [1mCREATE TABLE "users" ("id" INTEGER PRIMARY KEY AUTOINCREMENT NOT NULL) [0m
  [1m[35mSQL (0.2ms)[0m  INSERT INTO "schema_migrations" ("version") VALUES (?)  [["version", "20140607012839"]]
  [1m[36m (3.0ms)[0m  [1mcommit transaction[0m
  [1m[35mActiveRecord::SchemaMigration Load (0.1ms)[0m  SELECT "schema_migrations".* FROM "schema_migrations"
  [1m[36m (2.6ms)[0m  [1mCREATE TABLE "bootsy_image_galleries" ("id" INTEGER PRIMARY KEY AUTOINCREMENT NOT NULL, "bootsy_resource_id" integer, "bootsy_resource_type" varchar(255), "created_at" datetime, "updated_at" datetime) [0m
  [1m[35m (3.0ms)[0m  CREATE TABLE "bootsy_images" ("id" INTEGER PRIMARY KEY AUTOINCREMENT NOT NULL, "image_file" varchar(255), "image_gallery_id" integer, "created_at" datetime, "updated_at" datetime) 
  [1m[36m (3.1ms)[0m  [1mCREATE TABLE "users" ("id" INTEGER PRIMARY KEY AUTOINCREMENT NOT NULL) [0m
  [1m[35m (3.7ms)[0m  CREATE TABLE "schema_migrations" ("version" varchar(255) NOT NULL) 
  [1m[36m (0.1ms)[0m  [1mselect sqlite_version(*)[0m
  [1m[35m (2.6ms)[0m  CREATE UNIQUE INDEX "unique_schema_migrations" ON "schema_migrations" ("version")
  [1m[36m (0.2ms)[0m  [1mSELECT version FROM "schema_migrations"[0m
  [1m[35m (3.9ms)[0m  INSERT INTO "schema_migrations" (version) VALUES ('20140607012839')
  [1m[36m (3.3ms)[0m  [1mINSERT INTO "schema_migrations" (version) VALUES ('20140606215532')[0m
  [1m[35m (3.5ms)[0m  INSERT INTO "schema_migrations" (version) VALUES ('20140606215533')
